<?xml version="1.0" encoding="UTF-8"?>
<!-- Generated by org.testng.reporters.JUnitXMLReporter -->
<testsuite ignored="0" hostname="LAPTOP-KQUAISCN" failures="0" tests="2" name="Default test" time="24.911" errors="0" timestamp="2024-12-01T21:37:24 ICT">
  <testcase classname="automation.testsuite.Tedu_CapNhapMatKhauTest" name="UpdatePasswordSuccessfully" time="11.6"/>
  <testcase classname="automation.testsuite.Tedu_CapNhapMatKhauTest" name="LoginSuccessfully" time="7.295"/>
</testsuite> <!-- Default test -->
