<?xml version="1.0" encoding="UTF-8"?>
<!-- Generated by org.testng.reporters.JUnitXMLReporter -->
<testsuite ignored="0" hostname="LAPTOP-KQUAISCN" failures="0" tests="3" name="Default test" time="36.222" errors="0" timestamp="2024-12-04T10:46:37 ICT">
  <testcase classname="automation.testsuite.Tedu_CapNhapMatKhauTest" name="UpdatePasswordSuccessfully" time="11.493"/>
  <testcase classname="automation.testsuite.Tedu_CapNhapMatKhauTest" name="LoginSuccessfully" time="7.208"/>
  <testcase classname="automation.testsuite.Tedu_CapNhapMatKhauTest" name="SearchSuccessfully" time="10.631"/>
</testsuite> <!-- Default test -->
