<?xml version="1.0" encoding="UTF-8"?>
<testng-results ignored="0" total="1" passed="1" failed="0" skipped="0">
  <reporter-output>
  </reporter-output>
  <suite started-at="2024-12-05T22:48:49 ICT" name="Default suite" finished-at="2024-12-05T22:48:57 ICT" duration-ms="7078">
    <groups>
    </groups>
    <test started-at="2024-12-05T22:48:49 ICT" name="Default test" finished-at="2024-12-05T22:48:57 ICT" duration-ms="7078">
      <class name="automation.testsuite.BTVN_Buoi16_DemoGuruAlertPage">
        <test-method is-config="true" signature="openFireFox()[pri:0, instance:automation.testsuite.BTVN_Buoi16_DemoGuruAlertPage@942a29c]" started-at="2024-12-05T22:48:50 ICT" name="openFireFox" finished-at="2024-12-05T22:48:56 ICT" duration-ms="6237" status="PASS">
          <reporter-output>
          </reporter-output>
        </test-method> <!-- openFireFox -->
        <test-method signature="AlertPractise()[pri:0, instance:automation.testsuite.BTVN_Buoi16_DemoGuruAlertPage@942a29c]" started-at="2024-12-05T22:48:56 ICT" name="AlertPractise" finished-at="2024-12-05T22:48:57 ICT" duration-ms="810" status="PASS">
          <reporter-output>
          </reporter-output>
        </test-method> <!-- AlertPractise -->
      </class> <!-- automation.testsuite.BTVN_Buoi16_DemoGuruAlertPage -->
    </test> <!-- Default test -->
  </suite> <!-- Default suite -->
</testng-results>
