<?xml version="1.0" encoding="UTF-8"?>
<!-- Generated by org.testng.reporters.JUnitXMLReporter -->
<testsuite ignored="0" hostname="LAPTOP-KQUAISCN" failures="0" tests="2" name="Regression Test all classes on chrome" time="17.219" errors="0" timestamp="2024-12-14T23:35:28 ICT">
  <testcase classname="automation.testsuite.BTVN_Buoi18_DienMayNhapKhauGiaReTest" name="handleZaloWindowPopup" time="2.615"/>
  <testcase classname="automation.testsuite.Day17_BepAnToan_WindowPopup" name="handleMessagerWindowPopup" time="5.637"/>
</testsuite> <!-- Regression Test all classes on chrome -->
