<?xml version="1.0" encoding="UTF-8"?>
<!-- Generated by org.testng.reporters.JUnitXMLReporter -->
<testsuite ignored="0" hostname="LAPTOP-KQUAISCN" failures="0" tests="2" name="Regression Test all classes on edge" time="21.041" errors="0" timestamp="2024-12-14T23:36:12 ICT">
  <testcase classname="automation.testsuite.BTVN_Buoi18_DienMayNhapKhauGiaReTest" name="handleZaloWindowPopup" time="3.007"/>
  <testcase classname="automation.testsuite.Day17_BepAnToan_WindowPopup" name="handleMessagerWindowPopup" time="5.264"/>
</testsuite> <!-- Regression Test all classes on edge -->
