<?xml version="1.0" encoding="UTF-8"?>
<!-- Generated by org.testng.reporters.JUnitXMLReporter -->
<testsuite ignored="0" hostname="LAPTOP-KQUAISCN" failures="0" tests="2" name="Regression Test all classes on firefox" time="22.924" errors="0" timestamp="2024-12-14T23:35:51 ICT">
  <testcase classname="automation.testsuite.BTVN_Buoi18_DienMayNhapKhauGiaReTest" name="handleZaloWindowPopup" time="2.481"/>
  <testcase classname="automation.testsuite.Day17_BepAnToan_WindowPopup" name="handleMessagerWindowPopup" time="5.183"/>
</testsuite> <!-- Regression Test all classes on firefox -->
